#
# There is insufficient memory for the Java Runtime Environment to continue.
# Native memory allocation (malloc) failed to allocate 1048576 bytes for AllocateHeap
# Possible reasons:
#   The system is out of physical RAM or swap space
#   The process is running with CompressedOops enabled, and the Java Heap may be blocking the growth of the native heap
# Possible solutions:
#   Reduce memory load on the system
#   Increase physical memory or swap space
#   Check if swap backing store is full
#   Decrease Java heap size (-Xmx/-Xms)
#   Decrease number of Java threads
#   Decrease Java thread stack sizes (-Xss)
#   Set larger code cache with -XX:ReservedCodeCacheSize=
#   JVM is running with Unscaled Compressed Oops mode in which the Java heap is
#     placed in the first 4GB address space. The Java Heap base address is the
#     maximum limit for the native heap growth. Please use -XX:HeapBaseMinAddress
#     to set the Java Heap base and to place the Java Heap above 4GB virtual address.
# This output file may be truncated or incomplete.
#
#  Out of Memory Error (./src/hotspot/share/memory/allocation.cpp:46), pid=16080, tid=12432
#
# JRE version:  (11.0.11+9) (build )
# Java VM: OpenJDK 64-Bit Server VM (11.0.11+9, mixed mode, tiered, compressed oops, parallel gc, windows-amd64)
# No core dump will be written. Minidumps are not enabled by default on client versions of Windows
#

---------------  S U M M A R Y ------------

Command Line: --add-modules=ALL-SYSTEM --add-opens=java.base/java.util=ALL-UNNAMED --add-opens=java.base/java.lang=ALL-UNNAMED -Declipse.application=org.eclipse.jdt.ls.core.id1 -Dosgi.bundles.defaultStartLevel=4 -Declipse.product=org.eclipse.jdt.ls.core.product -Dfile.encoding=utf8 -DwatchParentProcess=false -XX:+UseParallelGC -XX:GCTimeRatio=4 -XX:AdaptiveSizePolicyWeight=90 -Dsun.zip.disableMemoryMapping=true -Xmx1G -Xms100m -Xverify:none c:\Users\Diego\.vscode\extensions\redhat.java-0.80.0\server\plugins\org.eclipse.equinox.launcher_1.6.200.v20210416-2027.jar -configuration c:\Users\Diego\AppData\Roaming\Code\User\globalStorage\redhat.java\0.80.0\config_win -data c:\Users\Diego\AppData\Roaming\Code\User\workspaceStorage\93b65696971e4a7074be42f4d020c250-1\redhat.java\jdt_ws

Host: Intel(R) Core(TM) i5-7200U CPU @ 2.50GHz, 4 cores, 7G,  Windows 10 , 64 bit Build 19041 (10.0.19041.1023)
Time: Tue Jul 13 13:18:25 2021 Hora est. Pacífico, Sudamérica elapsed time: 0.206806 seconds (0d 0h 0m 0s)

---------------  T H R E A D  ---------------

Current thread (0x000001cb3412b800):  JavaThread "Unknown thread" [_thread_in_vm, id=12432, stack(0x0000009cf7900000,0x0000009cf7a00000)]

Stack: [0x0000009cf7900000,0x0000009cf7a00000]
Native frames: (J=compiled Java code, j=interpreted, Vv=VM code, C=native code)
V  [jvm.dll+0x5f7e5a]
V  [jvm.dll+0x77ff2e]
V  [jvm.dll+0x7815ff]
V  [jvm.dll+0x781cc3]
V  [jvm.dll+0x247408]
V  [jvm.dll+0xb56b4]
V  [jvm.dll+0x62f8c9]
V  [jvm.dll+0x6304be]
V  [jvm.dll+0x6091ac]
V  [jvm.dll+0x75d76e]
V  [jvm.dll+0x35266d]
V  [jvm.dll+0x73e660]
V  [jvm.dll+0x3b9ddf]
V  [jvm.dll+0x3bc2e1]
C  [jli.dll+0x520b]
C  [ucrtbase.dll+0x21bb2]
C  [KERNEL32.DLL+0x17034]
C  [ntdll.dll+0x52651]


---------------  P R O C E S S  ---------------

Threads class SMR info:
_java_thread_list=0x000001cb31ec2aa0, length=0, elements={
}

Java Threads: ( => current thread )

Other Threads:
  0x000001cb3413e800 GCTaskThread "ParGC Thread#0" [stack: 0x0000009cf7a00000,0x0000009cf7b00000] [id=17988]

=>0x000001cb3412b800 (exited) JavaThread "Unknown thread" [_thread_in_vm, id=12432, stack(0x0000009cf7900000,0x0000009cf7a00000)]

Threads with active compile tasks:

VM state:not at safepoint (normal execution)

VM Mutex/Monitor currently owned by a thread: None

Heap address: 0x00000000c0000000, size: 1024 MB, Compressed Oops mode: 32-bit
Narrow klass base: 0x0000000000000000, Narrow klass shift: 3
Compressed class space size: 1073741824 Address: 0x0000000100000000

Heap:
 PSYoungGen      total 29696K, used 512K [0x00000000eab00000, 0x00000000ecc00000, 0x0000000100000000)
  eden space 25600K, 2% used [0x00000000eab00000,0x00000000eab80010,0x00000000ec400000)
  from space 4096K, 0% used [0x00000000ec800000,0x00000000ec800000,0x00000000ecc00000)
  to   space 4096K, 0% used [0x00000000ec400000,0x00000000ec400000,0x00000000ec800000)
 ParOldGen       total 68608K, used 0K [0x00000000c0000000, 0x00000000c4300000, 0x00000000eab00000)
  object space 68608K, 0% used [0x00000000c0000000,0x00000000c0000000,0x00000000c4300000)
 Metaspace       used 1148K, capacity 1480K, committed 1664K, reserved 1060864K
  class space    used 85K, capacity 384K, committed 384K, reserved 1048576K

Card table byte_map: [0x000001cb33ae0000,0x000001cb33cf0000] _byte_map_base: 0x000001cb334e0000

Marking Bits: (ParMarkBitMap*) 0x00007fff8b8fd340
 Begin Bits: [0x000001cb4b830000, 0x000001cb4c830000)
 End Bits:   [0x000001cb4c830000, 0x000001cb4d830000)

Polling page: 0x000001cb31e90000

Metaspace:

Usage:
  Non-class:      1.07 MB capacity,     1.04 MB ( 97%) used,    32.55 KB (  3%) free+waste,     1.19 KB ( <1%) overhead. 
      Class:    384.00 KB capacity,    85.91 KB ( 22%) used,   298.02 KB ( 78%) free+waste,    64 bytes ( <1%) overhead. 
       Both:      1.45 MB capacity,     1.12 MB ( 78%) used,   330.57 KB ( 22%) free+waste,     1.25 KB ( <1%) overhead. 

Virtual space:
  Non-class space:       12.00 MB reserved,       1.25 MB ( 10%) committed 
      Class space:        1.00 GB reserved,     384.00 KB ( <1%) committed 
             Both:        1.01 GB reserved,       1.63 MB ( <1%) committed 

Chunk freelists:
   Non-Class:  56.00 KB
       Class:  0 bytes
        Both:  56.00 KB

MaxMetaspaceSize: 17179869184.00 GB
CompressedClassSpaceSize: 1.00 GB

CodeHeap 'non-profiled nmethods': size=120064Kb used=0Kb max_used=0Kb free=120064Kb
 bounds [0x000001cb442f0000, 0x000001cb44560000, 0x000001cb4b830000]
CodeHeap 'profiled nmethods': size=120000Kb used=0Kb max_used=0Kb free=120000Kb
 bounds [0x000001cb3cdc0000, 0x000001cb3d030000, 0x000001cb442f0000]
CodeHeap 'non-nmethods': size=5696Kb used=209Kb max_used=301Kb free=5486Kb
 bounds [0x000001cb3c830000, 0x000001cb3caa0000, 0x000001cb3cdc0000]
 total_blobs=67 nmethods=0 adapters=47
 compilation: enabled
              stopped_count=0, restarted_count=0
 full_count=0

Compilation events (0 events):
No events

GC Heap History (0 events):
No events

Deoptimization events (0 events):
No events

Classes redefined (0 events):
No events

Internal exceptions (0 events):
No events

Events (20 events):
Event: 0.153 loading class java/lang/Character
Event: 0.154 loading class java/lang/Character done
Event: 0.154 loading class java/lang/Float
Event: 0.154 loading class java/lang/Number
Event: 0.154 loading class java/lang/Number done
Event: 0.154 loading class java/lang/Float done
Event: 0.154 loading class java/lang/Double
Event: 0.154 loading class java/lang/Double done
Event: 0.154 loading class java/lang/Byte
Event: 0.154 loading class java/lang/Byte done
Event: 0.154 loading class java/lang/Short
Event: 0.154 loading class java/lang/Short done
Event: 0.154 loading class java/lang/Integer
Event: 0.155 loading class java/lang/Integer done
Event: 0.155 loading class java/lang/Long
Event: 0.155 loading class java/lang/Long done
Event: 0.156 loading class java/lang/NullPointerException
Event: 0.156 loading class java/lang/NullPointerException done
Event: 0.156 loading class java/lang/ArithmeticException
Event: 0.156 loading class java/lang/ArithmeticException done


Dynamic libraries:
0x00007ff60d8f0000 - 0x00007ff60d8fd000 	C:\Program Files\AdoptOpenJDK\jdk-11.0.11.9-hotspot\bin\java.exe
0x00007fffd7310000 - 0x00007fffd7505000 	C:\WINDOWS\SYSTEM32\ntdll.dll
0x00007fffb8280000 - 0x00007fffb8293000 	C:\Program Files\AVAST Software\Avast\aswhook.dll
0x00007fffd6680000 - 0x00007fffd673d000 	C:\WINDOWS\System32\KERNEL32.DLL
0x00007fffd4e60000 - 0x00007fffd5129000 	C:\WINDOWS\System32\KERNELBASE.dll
0x00007fffd4d30000 - 0x00007fffd4e30000 	C:\WINDOWS\System32\ucrtbase.dll
0x00007fffc9640000 - 0x00007fffc9657000 	C:\Program Files\AdoptOpenJDK\jdk-11.0.11.9-hotspot\bin\jli.dll
0x00007fffd6160000 - 0x00007fffd6300000 	C:\WINDOWS\System32\USER32.dll
0x00007fffd4c50000 - 0x00007fffd4c72000 	C:\WINDOWS\System32\win32u.dll
0x00007fffd6550000 - 0x00007fffd657a000 	C:\WINDOWS\System32\GDI32.dll
0x00007fffd5190000 - 0x00007fffd529b000 	C:\WINDOWS\System32\gdi32full.dll
0x00007fffd4a50000 - 0x00007fffd4aed000 	C:\WINDOWS\System32\msvcp_win.dll
0x00007fffc9370000 - 0x00007fffc9385000 	C:\Program Files\AdoptOpenJDK\jdk-11.0.11.9-hotspot\bin\VCRUNTIME140.dll
0x00007fffb8f50000 - 0x00007fffb91ea000 	C:\WINDOWS\WinSxS\amd64_microsoft.windows.common-controls_6595b64144ccf1df_6.0.19041.1083_none_60bbe31371f34e71\COMCTL32.dll
0x00007fffd5580000 - 0x00007fffd561e000 	C:\WINDOWS\System32\msvcrt.dll
0x00007fffd5380000 - 0x00007fffd53b0000 	C:\WINDOWS\System32\IMM32.DLL
0x00007fff982b0000 - 0x00007fff9834b000 	C:\Program Files\AdoptOpenJDK\jdk-11.0.11.9-hotspot\bin\msvcp140.dll
0x00007fff8ae70000 - 0x00007fff8b9bb000 	C:\Program Files\AdoptOpenJDK\jdk-11.0.11.9-hotspot\bin\server\jvm.dll
0x00007fffd63e0000 - 0x00007fffd648c000 	C:\WINDOWS\System32\ADVAPI32.dll
0x00007fffd5760000 - 0x00007fffd57fb000 	C:\WINDOWS\System32\sechost.dll
0x00007fffd6740000 - 0x00007fffd686a000 	C:\WINDOWS\System32\RPCRT4.dll
0x00007fffd63d0000 - 0x00007fffd63d8000 	C:\WINDOWS\System32\PSAPI.DLL
0x00007fffc79f0000 - 0x00007fffc79f9000 	C:\WINDOWS\SYSTEM32\WSOCK32.dll
0x00007fffd6870000 - 0x00007fffd68db000 	C:\WINDOWS\System32\WS2_32.dll
0x00007fffcf870000 - 0x00007fffcf897000 	C:\WINDOWS\SYSTEM32\WINMM.dll
0x00007fffce6d0000 - 0x00007fffce6da000 	C:\WINDOWS\SYSTEM32\VERSION.dll
0x00007fffd3620000 - 0x00007fffd3632000 	C:\WINDOWS\SYSTEM32\kernel.appcore.dll
0x00007fffcec40000 - 0x00007fffcec50000 	C:\Program Files\AdoptOpenJDK\jdk-11.0.11.9-hotspot\bin\verify.dll
0x00007fffd2fd0000 - 0x00007fffd31b4000 	C:\WINDOWS\SYSTEM32\DBGHELP.DLL
0x00007fffcd130000 - 0x00007fffcd15c000 	C:\WINDOWS\SYSTEM32\dbgcore.DLL
0x00007fffd52f0000 - 0x00007fffd5373000 	C:\WINDOWS\System32\bcryptPrimitives.dll
0x00007fffc8f70000 - 0x00007fffc8f98000 	C:\Program Files\AdoptOpenJDK\jdk-11.0.11.9-hotspot\bin\java.dll
0x00007fffca660000 - 0x00007fffca66a000 	C:\Program Files\AdoptOpenJDK\jdk-11.0.11.9-hotspot\bin\jimage.dll
0x00007fffc9300000 - 0x00007fffc9317000 	C:\Program Files\AdoptOpenJDK\jdk-11.0.11.9-hotspot\bin\zip.dll

dbghelp: loaded successfully - version: 4.0.5 - missing functions: none
symbol engine: initialized successfully - sym options: 0x614 - pdb path: .;C:\Program Files\AdoptOpenJDK\jdk-11.0.11.9-hotspot\bin;C:\WINDOWS\SYSTEM32;C:\Program Files\AVAST Software\Avast;C:\WINDOWS\WinSxS\amd64_microsoft.windows.common-controls_6595b64144ccf1df_6.0.19041.1083_none_60bbe31371f34e71;C:\Program Files\AdoptOpenJDK\jdk-11.0.11.9-hotspot\bin\server

VM Arguments:
jvm_args: --add-modules=ALL-SYSTEM --add-opens=java.base/java.util=ALL-UNNAMED --add-opens=java.base/java.lang=ALL-UNNAMED -Declipse.application=org.eclipse.jdt.ls.core.id1 -Dosgi.bundles.defaultStartLevel=4 -Declipse.product=org.eclipse.jdt.ls.core.product -Dfile.encoding=utf8 -DwatchParentProcess=false -XX:+UseParallelGC -XX:GCTimeRatio=4 -XX:AdaptiveSizePolicyWeight=90 -Dsun.zip.disableMemoryMapping=true -Xmx1G -Xms100m -Xverify:none 
java_command: c:\Users\Diego\.vscode\extensions\redhat.java-0.80.0\server\plugins\org.eclipse.equinox.launcher_1.6.200.v20210416-2027.jar -configuration c:\Users\Diego\AppData\Roaming\Code\User\globalStorage\redhat.java\0.80.0\config_win -data c:\Users\Diego\AppData\Roaming\Code\User\workspaceStorage\93b65696971e4a7074be42f4d020c250-1\redhat.java\jdt_ws
java_class_path (initial): c:\Users\Diego\.vscode\extensions\redhat.java-0.80.0\server\plugins\org.eclipse.equinox.launcher_1.6.200.v20210416-2027.jar
Launcher Type: SUN_STANDARD

[Global flags]
    uintx AdaptiveSizePolicyWeight                 = 90                                        {product} {command line}
     bool BytecodeVerificationLocal                = false                                     {product} {command line}
     bool BytecodeVerificationRemote               = false                                     {product} {command line}
     intx CICompilerCount                          = 3                                         {product} {ergonomic}
    uintx GCTimeRatio                              = 4                                         {product} {command line}
   size_t InitialHeapSize                          = 104857600                                 {product} {command line}
   size_t MaxHeapSize                              = 1073741824                                {product} {command line}
   size_t MaxNewSize                               = 357564416                                 {product} {ergonomic}
   size_t MinHeapDeltaBytes                        = 524288                                    {product} {ergonomic}
   size_t NewSize                                  = 34603008                                  {product} {ergonomic}
    uintx NonNMethodCodeHeapSize                   = 5830732                                {pd product} {ergonomic}
    uintx NonProfiledCodeHeapSize                  = 122913754                              {pd product} {ergonomic}
   size_t OldSize                                  = 70254592                                  {product} {ergonomic}
    uintx ProfiledCodeHeapSize                     = 122913754                              {pd product} {ergonomic}
    uintx ReservedCodeCacheSize                    = 251658240                              {pd product} {ergonomic}
     bool SegmentedCodeCache                       = true                                      {product} {ergonomic}
     bool UseCompressedClassPointers               = true                                 {lp64_product} {ergonomic}
     bool UseCompressedOops                        = true                                 {lp64_product} {ergonomic}
     bool UseLargePagesIndividualAllocation        = false                                  {pd product} {ergonomic}
     bool UseParallelGC                            = true                                      {product} {command line}

Logging:
Log output configuration:
 #0: stdout all=warning uptime,level,tags
 #1: stderr all=off uptime,level,tags

Environment Variables:
JAVA_HOME=C:\Program Files\AdoptOpenJDK\jdk-11.0.11.9-hotspot
PATH=C:\Program Files\AdoptOpenJDK\jdk-11.0.11.9-hotspot\bin;C:\Program Files\AdoptOpenJDK\jdk-8.0.292.10-hotspot\bin;C:\Python39\Scripts\;C:\Python39\;C:\Program Files (x86)\Common Files\Oracle\Java\javapath;C:\Program Files (x86)\Intel\iCLS Client\;C:\Program Files\Intel\iCLS Client\;C:\WINDOWS\system32;C:\WINDOWS;C:\WINDOWS\System32\Wbem;C:\WINDOWS\System32\WindowsPowerShell\v1.0\;C:\Program Files (x86)\Intel\Intel(R) Management Engine Components\DAL;C:\Program Files\Intel\Intel(R) Management Engine Components\DAL;C:\Program Files (x86)\Intel\Intel(R) Management Engine Components\IPT;C:\Program Files\Intel\Intel(R) Management Engine Components\IPT;C:\WINDOWS\System32\OpenSSH\;C:\Program Files (x86)\Calibre2\;C:\Program Files\PuTTY\;C:\Program Files (x86)\Microsoft SQL Server\100\Tools\Binn\;C:\Program Files (x86)\Microsoft SQL Server\100\DTS\Binn\;C:\Program Files\nodejs\;C:\ProgramData\chocolatey\bin;C:\Program Files\Git\cmd;C:\Users\Diego\AppData\Local\Programs\Python\Python38-32\Scripts\;C:\Users\Diego\AppData\Local\Programs\Python\Python38-32\;C:\Users\Diego\AppData\Local\Microsoft\WindowsApps;C:\Users\Diego\AppData\Roaming\Dashlane\5.11.0.19338\bin\Firefox_Extension\{442718d9-475e-452a-b3e1-fb1ee16b8e9f}\components;C:\Users\Diego\AppData\Roaming\Dashlane\5.11.0.19338\ucrt;C:\Users\Diego\AppData\Local\Programs\MiKTeX\miktex\bin\x64\;C:\Users\Diego\AppData\Local\Programs\Microsoft VS Code\bin;C:\Users\Diego\AppData\Roaming\npm
USERNAME=Diego
OS=Windows_NT
PROCESSOR_IDENTIFIER=Intel64 Family 6 Model 142 Stepping 9, GenuineIntel



---------------  S Y S T E M  ---------------

OS: Windows 10 , 64 bit Build 19041 (10.0.19041.1023)
OS uptime: 1 days 1:34 hours

CPU:total 4 (initial active 4) (2 cores per cpu, 2 threads per core) family 6 model 142 stepping 9 microcode 0xde, cmov, cx8, fxsr, mmx, sse, sse2, sse3, ssse3, sse4.1, sse4.2, popcnt, avx, avx2, aes, clmul, erms, 3dnowpref, lzcnt, ht, tsc, tscinvbit, bmi1, bmi2, adx, fma

Memory: 4k page, system-wide physical 8077M (1241M free)
TotalPageFile size 8077M (AvailPageFile size 1M)
current process WorkingSet (physical memory assigned to process): 14M, peak: 14M
current process commit charge ("private bytes"): 149M, peak: 151M

vm_info: OpenJDK 64-Bit Server VM (11.0.11+9) for windows-amd64 JRE (11.0.11+9), built on Apr 20 2021 21:22:09 by "" with MS VC++ 15.9 (VS2017)

END.
